Using pre-set license
Built from '2020.3/release' branch; Version is '2020.3.2f1 (8fd9074bf66c) revision 9427207'; Using compiler version '192528614'; Build Type 'Release'
OS: 'Windows 10 Home; OS build 19042.1288; Version 2009; 64bit' Language: 'en' Physical Memory: 32703 MB
BatchMode: 1, IsHumanControllingUs: 0, StartBugReporterOnCrash: 0, Is64bit: 1, IsPro: 0

 COMMAND LINE ARGUMENTS:
C:\Program Files\Unity\Hub\Editor\2020.3.2f1\Editor\Unity.exe
-adb2
-batchMode
-noUpm
-name
AssetImportWorker4
-projectPath
D:/Unity/TurtalWar/Repo_TLDR/TLDR
-logFile
Logs/AssetImportWorker4.log
-srvPort
51513
Successfully changed project path to: D:/Unity/TurtalWar/Repo_TLDR/TLDR
D:/Unity/TurtalWar/Repo_TLDR/TLDR
Using Asset Import Pipeline V2.
Refreshing native plugins compatible for Editor in 58.36 ms, found 0 plugins.
Preloading 0 native plugins for Editor in 0.00 ms.
Initialize engine version: 2020.3.2f1 (8fd9074bf66c)
[Subsystems] Discovering subsystems at path C:/Program Files/Unity/Hub/Editor/2020.3.2f1/Editor/Data/Resources/UnitySubsystems
[Subsystems] Discovering subsystems at path D:/Unity/TurtalWar/Repo_TLDR/TLDR/Assets
GfxDevice: creating device client; threaded=0
Direct3D:
    Version:  Direct3D 11.0 [level 11.1]
    Renderer: NVIDIA GeForce GTX 1070 (ID=0x1b81)
    Vendor:   
    VRAM:     8088 MB
    Driver:   27.21.14.5638
Shader 'Universal Render Pipeline/Particles/Lit': fallback shader 'Universal Render Pipeline/Particles/SimpleLit' not found
Initialize mono
Mono path[0] = 'C:/Program Files/Unity/Hub/Editor/2020.3.2f1/Editor/Data/Managed'
Mono path[1] = 'C:/Program Files/Unity/Hub/Editor/2020.3.2f1/Editor/Data/MonoBleedingEdge/lib/mono/unityjit'
Mono config path = 'C:/Program Files/Unity/Hub/Editor/2020.3.2f1/Editor/Data/MonoBleedingEdge/etc'
Using monoOptions --debugger-agent=transport=dt_socket,embedding=1,server=y,suspend=n,address=127.0.0.1:56712
Begin MonoManager ReloadAssembly
Registering precompiled unity dll's ...
Register platform support module: C:/Program Files/Unity/Hub/Editor/2020.3.2f1/Editor/Data/PlaybackEngines/WebGLSupport/UnityEditor.WebGL.Extensions.dll
Register platform support module: C:/Program Files/Unity/Hub/Editor/2020.3.2f1/Editor/Data/PlaybackEngines/WindowsStandaloneSupport/UnityEditor.WindowsStandalone.Extensions.dll
Registered in 0.002809 seconds.
Native extension for WindowsStandalone target not found
Native extension for WebGL target not found
Refreshing native plugins compatible for Editor in 65.94 ms, found 0 plugins.
Preloading 0 native plugins for Editor in 0.00 ms.
Invoked RoslynAnalysisRunner static constructor.
RoslynAnalysisRunner will not be running.
RoslynAnalysisRunner has terminated.
Mono: successfully reloaded assembly
- Completed reload, in  1.571 seconds
Platform modules already initialized, skipping
Registering precompiled user dll's ...
Registered in 0.001201 seconds.
Begin MonoManager ReloadAssembly
Native extension for WindowsStandalone target not found
Native extension for WebGL target not found
Refreshing native plugins compatible for Editor in 57.03 ms, found 0 plugins.
Preloading 0 native plugins for Editor in 0.00 ms.
Invoked RoslynAnalysisRunner static constructor.
RoslynAnalysisRunner will not be running.
RoslynAnalysisRunner has terminated.
Mono: successfully reloaded assembly
- Completed reload, in  1.086 seconds
Platform modules already initialized, skipping
========================================================================
Worker process is ready to serve import requests
Shader 'Universal Render Pipeline/Particles/Lit': fallback shader 'Universal Render Pipeline/Particles/SimpleLit' not found
Launched and connected shader compiler UnityShaderCompiler.exe after 0.07 seconds
Refreshing native plugins compatible for Editor in 0.48 ms, found 0 plugins.
Preloading 0 native plugins for Editor in 0.00 ms.
Unloading 2604 Unused Serialized files (Serialized files now loaded: 0)
System memory in use before: 142.1 MB.
System memory in use after: 142.2 MB.

Unloading 10 unused Assets to reduce memory usage. Loaded Objects now: 3072.
Total: 3.892000 ms (FindLiveObjects: 0.956900 ms CreateObjectMapping: 0.294600 ms MarkObjects: 2.473700 ms  DeleteObjects: 0.165600 ms)

========================================================================
Received Import Request.
  path: Assets/Textures/Leaf_Wide.png
  artifactKey: Guid(dc74f8c0fc61b554fb3d3f19fea65379) Importer(815301076,1909f56bfc062723c751e8b465ee728b)
Start importing Assets/Textures/Leaf_Wide.png using Guid(dc74f8c0fc61b554fb3d3f19fea65379) Importer(815301076,1909f56bfc062723c751e8b465ee728b)  -> (artifact id: '6c0ee1adeb89c7a9585bbca2dcca4cb7') in 0.082762 seconds
  Import took 0.087860 seconds .

========================================================================
Received Import Request.
  Time since last request: 2.008456 seconds.
  path: Assets/Textures/Leaf_Wide.png
  artifactKey: Guid(dc74f8c0fc61b554fb3d3f19fea65379) Importer(815301076,1909f56bfc062723c751e8b465ee728b)
Start importing Assets/Textures/Leaf_Wide.png using Guid(dc74f8c0fc61b554fb3d3f19fea65379) Importer(815301076,1909f56bfc062723c751e8b465ee728b)  -> (artifact id: '85ef1c6e8abe7d705c4f05ec3a283db9') in 0.076470 seconds
  Import took 0.081625 seconds .

========================================================================
Received Import Request.
  Time since last request: 98.873217 seconds.
  path: Assets/Textures/Leaf_Wide.png
  artifactKey: Guid(dc74f8c0fc61b554fb3d3f19fea65379) Importer(815301076,1909f56bfc062723c751e8b465ee728b)
Start importing Assets/Textures/Leaf_Wide.png using Guid(dc74f8c0fc61b554fb3d3f19fea65379) Importer(815301076,1909f56bfc062723c751e8b465ee728b)  -> (artifact id: 'c0a153a9afda432217c200ffb58aa2b7') in 0.020211 seconds
  Import took 0.046775 seconds .

========================================================================
Received Import Request.
  Time since last request: 6.512599 seconds.
  path: Assets/Textures/Leaf_Wide.png
  artifactKey: Guid(dc74f8c0fc61b554fb3d3f19fea65379) Importer(815301076,1909f56bfc062723c751e8b465ee728b)
Start importing Assets/Textures/Leaf_Wide.png using Guid(dc74f8c0fc61b554fb3d3f19fea65379) Importer(815301076,1909f56bfc062723c751e8b465ee728b)  -> (artifact id: '7884821d18b2b66723c25e7678593997') in 0.021667 seconds
  Import took 0.026452 seconds .

========================================================================
Received Import Request.
  Time since last request: 0.005566 seconds.
  path: Assets/Textures/Leaf_Wide.png
  artifactKey: Guid(dc74f8c0fc61b554fb3d3f19fea65379) Importer(815301076,1909f56bfc062723c751e8b465ee728b)
Start importing Assets/Textures/Leaf_Wide.png using Guid(dc74f8c0fc61b554fb3d3f19fea65379) Importer(815301076,1909f56bfc062723c751e8b465ee728b)  -> (artifact id: '7884821d18b2b66723c25e7678593997') in 0.021128 seconds
  Import took 0.026975 seconds .

========================================================================
Received Import Request.
  Time since last request: 364.718957 seconds.
  path: Assets/Textures/Leaf_Wide.png
  artifactKey: Guid(dc74f8c0fc61b554fb3d3f19fea65379) Importer(815301076,1909f56bfc062723c751e8b465ee728b)
Start importing Assets/Textures/Leaf_Wide.png using Guid(dc74f8c0fc61b554fb3d3f19fea65379) Importer(815301076,1909f56bfc062723c751e8b465ee728b)  -> (artifact id: 'bb54d14668c6ed3f65f49f80eff1afae') in 5.586811 seconds
  Import took 5.591425 seconds .

========================================================================
Received Import Request.
  Time since last request: 0.000514 seconds.
  path: Assets/Textures/Leaf_Wide.png
  artifactKey: Guid(dc74f8c0fc61b554fb3d3f19fea65379) Importer(815301076,1909f56bfc062723c751e8b465ee728b)
Start importing Assets/Textures/Leaf_Wide.png using Guid(dc74f8c0fc61b554fb3d3f19fea65379) Importer(815301076,1909f56bfc062723c751e8b465ee728b)  -> (artifact id: '3fc2bff196c4e678486e2c0a21cb5780') in 0.016364 seconds
  Import took 0.020167 seconds .

========================================================================
Received Prepare
Registering precompiled user dll's ...
Registered in 0.001501 seconds.
Begin MonoManager ReloadAssembly
Native extension for WindowsStandalone target not found
Native extension for WebGL target not found
Refreshing native plugins compatible for Editor in 0.54 ms, found 0 plugins.
Preloading 0 native plugins for Editor in 0.00 ms.
Invoked RoslynAnalysisRunner static constructor.
RoslynAnalysisRunner will not be running.
RoslynAnalysisRunner has terminated.
Mono: successfully reloaded assembly
- Completed reload, in  1.445 seconds
Platform modules already initialized, skipping
Shader 'Universal Render Pipeline/Particles/Lit': fallback shader 'Universal Render Pipeline/Particles/SimpleLit' not found
Refreshing native plugins compatible for Editor in 0.52 ms, found 0 plugins.
Preloading 0 native plugins for Editor in 0.00 ms.
Unloading 2453 Unused Serialized files (Serialized files now loaded: 0)
System memory in use before: 134.0 MB.
System memory in use after: 134.2 MB.

Unloading 5 unused Assets to reduce memory usage. Loaded Objects now: 3082.
Total: 2.980100 ms (FindLiveObjects: 0.288400 ms CreateObjectMapping: 0.414300 ms MarkObjects: 2.259100 ms  DeleteObjects: 0.016700 ms)

========================================================================
Received Import Request.
  Time since last request: 866.762113 seconds.
  path: Assets/Models/FixedTrees/OakTree_NotTilted.fbx
  artifactKey: Guid(df487a1c30244ed4391fbfc81fb4f3e3) Importer(815301076,1909f56bfc062723c751e8b465ee728b)
Start importing Assets/Models/FixedTrees/OakTree_NotTilted.fbx using Guid(df487a1c30244ed4391fbfc81fb4f3e3) Importer(815301076,1909f56bfc062723c751e8b465ee728b)  -> (artifact id: 'fcdafe7fc9676eed15455813d9b0c7cf') in 0.337894 seconds
  Import took 0.343621 seconds .

========================================================================
Received Import Request.
  Time since last request: 0.000289 seconds.
  path: Assets/Models/FixedTrees/OakTree_Tilted1.fbx
  artifactKey: Guid(470c463896e3d2d43b815f3e0d9df248) Importer(815301076,1909f56bfc062723c751e8b465ee728b)
Start importing Assets/Models/FixedTrees/OakTree_Tilted1.fbx using Guid(470c463896e3d2d43b815f3e0d9df248) Importer(815301076,1909f56bfc062723c751e8b465ee728b)  -> (artifact id: '136fb89e2530686b09f222e23d69fdc5') in 0.033862 seconds
  Import took 0.038776 seconds .

========================================================================
Received Import Request.
  Time since last request: 0.134420 seconds.
  path: Assets/Models/Prefab/NewLayer 2.terrainlayer
  artifactKey: Guid(4cf3b16db996f684b866b72bb64ad16a) Importer(815301076,1909f56bfc062723c751e8b465ee728b)
Start importing Assets/Models/Prefab/NewLayer 2.terrainlayer using Guid(4cf3b16db996f684b866b72bb64ad16a) Importer(815301076,1909f56bfc062723c751e8b465ee728b)  -> (artifact id: '422ae50e85c0abd06c4fb229ebf6385c') in 0.049104 seconds
  Import took 0.055196 seconds .

========================================================================
Received Import Request.
  Time since last request: 0.000265 seconds.
  path: Assets/Models/Prefab/NewLayer.terrainlayer
  artifactKey: Guid(806bf8d9814ed7d4f92a3929d1418b7d) Importer(815301076,1909f56bfc062723c751e8b465ee728b)
Start importing Assets/Models/Prefab/NewLayer.terrainlayer using Guid(806bf8d9814ed7d4f92a3929d1418b7d) Importer(815301076,1909f56bfc062723c751e8b465ee728b)  -> (artifact id: '82ddca367d08ff959ee760dac5fedcc5') in 0.040194 seconds
  Import took 0.045245 seconds .

========================================================================
Received Prepare
Registering precompiled user dll's ...
Registered in 0.001311 seconds.
Begin MonoManager ReloadAssembly
Native extension for WindowsStandalone target not found
Native extension for WebGL target not found
Refreshing native plugins compatible for Editor in 0.53 ms, found 0 plugins.
Preloading 0 native plugins for Editor in 0.00 ms.
Invoked RoslynAnalysisRunner static constructor.
RoslynAnalysisRunner will not be running.
RoslynAnalysisRunner has terminated.
Mono: successfully reloaded assembly
- Completed reload, in  0.992 seconds
Platform modules already initialized, skipping
Shader 'Universal Render Pipeline/Particles/Lit': fallback shader 'Universal Render Pipeline/Particles/SimpleLit' not found
Refreshing native plugins compatible for Editor in 0.46 ms, found 0 plugins.
Preloading 0 native plugins for Editor in 0.00 ms.
Unloading 2453 Unused Serialized files (Serialized files now loaded: 0)
System memory in use before: 136.7 MB.
System memory in use after: 136.9 MB.

Unloading 5 unused Assets to reduce memory usage. Loaded Objects now: 3167.
Total: 2.507800 ms (FindLiveObjects: 0.286900 ms CreateObjectMapping: 0.138000 ms MarkObjects: 2.063600 ms  DeleteObjects: 0.018000 ms)

========================================================================
Received Import Request.
  Time since last request: 385.529876 seconds.
  path: Assets/Textures/PlaceholderOak.png
  artifactKey: Guid(a8f2dc595dbb3344396e1b23c70c9f75) Importer(815301076,1909f56bfc062723c751e8b465ee728b)
Start importing Assets/Textures/PlaceholderOak.png using Guid(a8f2dc595dbb3344396e1b23c70c9f75) Importer(815301076,1909f56bfc062723c751e8b465ee728b)  -> (artifact id: 'ec95ffce2c0fd9aa21bfc7ef0006789b') in 0.046890 seconds
  Import took 0.052876 seconds .

========================================================================
Received Import Request.
  Time since last request: 0.000279 seconds.
  path: Assets/Textures/PlaceholderOakTilted.png
  artifactKey: Guid(0ff926a728d4f5c408e61cd85c8b586f) Importer(815301076,1909f56bfc062723c751e8b465ee728b)
Start importing Assets/Textures/PlaceholderOakTilted.png using Guid(0ff926a728d4f5c408e61cd85c8b586f) Importer(815301076,1909f56bfc062723c751e8b465ee728b)  -> (artifact id: 'de7e97169a43c93cf68b4fe0861060e8') in 0.012416 seconds
  Import took 0.016091 seconds .

========================================================================
Received Import Request.
  Time since last request: 233.970067 seconds.
  path: Assets/Materials/Foliage/Foliage1URP.mat
  artifactKey: Guid(a5adc0c49f1605d4db5c7d85595283a4) Importer(815301076,1909f56bfc062723c751e8b465ee728b)
Start importing Assets/Materials/Foliage/Foliage1URP.mat using Guid(a5adc0c49f1605d4db5c7d85595283a4) Importer(815301076,1909f56bfc062723c751e8b465ee728b)  -> (artifact id: '7d57807d7e636601b461e8fe08541e12') in 0.235698 seconds
  Import took 0.241512 seconds .

========================================================================
Received Import Request.
  Time since last request: 0.000349 seconds.
  path: Assets/Materials/Foliage/Leaf.mat
  artifactKey: Guid(2e46a27287e74184588eae77722f027f) Importer(815301076,1909f56bfc062723c751e8b465ee728b)
Start importing Assets/Materials/Foliage/Leaf.mat using Guid(2e46a27287e74184588eae77722f027f) Importer(815301076,1909f56bfc062723c751e8b465ee728b)  -> (artifact id: '6b569bc0de9fd6b2156ca482c8e57473') in 0.022659 seconds
  Import took 0.026556 seconds .

========================================================================
Received Import Request.
  Time since last request: 0.000305 seconds.
  path: Assets/Materials/Foliage/Leaf 1.mat
  artifactKey: Guid(a8d7f5b0cb8da8543b8f3c9bb954af33) Importer(815301076,1909f56bfc062723c751e8b465ee728b)
Start importing Assets/Materials/Foliage/Leaf 1.mat using Guid(a8d7f5b0cb8da8543b8f3c9bb954af33) Importer(815301076,1909f56bfc062723c751e8b465ee728b)  -> (artifact id: '6472ba0f209f3351a150303ca24b7280') in 0.040818 seconds
  Import took 0.044593 seconds .

========================================================================
Received Import Request.
  Time since last request: 0.000288 seconds.
  path: Assets/Materials/Foliage/Leaves.mat
  artifactKey: Guid(856275131f4f88946a92b0c6d9d846cb) Importer(815301076,1909f56bfc062723c751e8b465ee728b)
Start importing Assets/Materials/Foliage/Leaves.mat using Guid(856275131f4f88946a92b0c6d9d846cb) Importer(815301076,1909f56bfc062723c751e8b465ee728b)  -> (artifact id: '5b33062516ed913ec5e08dc48c95a88e') in 0.017860 seconds
  Import took 0.021685 seconds .

========================================================================
Received Import Request.
  Time since last request: 3.474252 seconds.
  path: Assets/Models/FixedTrees
  artifactKey: Guid(e7496fe174f288646bdca2104f4f0b7c) Importer(815301076,1909f56bfc062723c751e8b465ee728b)
Start importing Assets/Models/FixedTrees using Guid(e7496fe174f288646bdca2104f4f0b7c) Importer(815301076,1909f56bfc062723c751e8b465ee728b)  -> (artifact id: '6fa289eda6e7ee96f4c8bd0200ebe920') in 0.007718 seconds
  Import took 0.014120 seconds .

========================================================================
Received Import Request.
  Time since last request: 19.378757 seconds.
  path: Assets/Models/FixedTrees/OakTree_NotTiltedUV.fbx
  artifactKey: Guid(7fb5c221a0e1f5b45b55fa140582e961) Importer(815301076,1909f56bfc062723c751e8b465ee728b)
Start importing Assets/Models/FixedTrees/OakTree_NotTiltedUV.fbx using Guid(7fb5c221a0e1f5b45b55fa140582e961) Importer(815301076,1909f56bfc062723c751e8b465ee728b)  -> (artifact id: 'a4f7854b05dd26b042e20056948a3749') in 0.060851 seconds
  Import took 0.065812 seconds .

========================================================================
Received Import Request.
  Time since last request: 0.000261 seconds.
  path: Assets/Models/FixedTrees/OakTree_Tilted1UV.fbx
  artifactKey: Guid(7632bab84633bee42a7c7bfb0d4774ba) Importer(815301076,1909f56bfc062723c751e8b465ee728b)
Start importing Assets/Models/FixedTrees/OakTree_Tilted1UV.fbx using Guid(7632bab84633bee42a7c7bfb0d4774ba) Importer(815301076,1909f56bfc062723c751e8b465ee728b)  -> (artifact id: 'e29974f60bd33cd7382c89921a9e59ec') in 0.024248 seconds
  Import took 0.032408 seconds .

========================================================================
Received Import Request.
  Time since last request: 84.811531 seconds.
  path: Assets/Materials/Foliage/Oak.mat
  artifactKey: Guid(7f25bb198a5ebd945b8d255654732bbc) Importer(815301076,1909f56bfc062723c751e8b465ee728b)
Start importing Assets/Materials/Foliage/Oak.mat using Guid(7f25bb198a5ebd945b8d255654732bbc) Importer(815301076,1909f56bfc062723c751e8b465ee728b)  -> (artifact id: '162e4c4dc813f6e65f02e79b09d457ec') in 0.016570 seconds
  Import took 0.035318 seconds .

========================================================================
Received Import Request.
  Time since last request: 110.327256 seconds.
  path: Assets/Materials/Foliage/Oak.mat
  artifactKey: Guid(7f25bb198a5ebd945b8d255654732bbc) Importer(815301076,1909f56bfc062723c751e8b465ee728b)
Start importing Assets/Materials/Foliage/Oak.mat using Guid(7f25bb198a5ebd945b8d255654732bbc) Importer(815301076,1909f56bfc062723c751e8b465ee728b)  -> (artifact id: '94fd0d8501d0bfa79a02757f1bc7e33d') in 0.028420 seconds
  Import took 0.032740 seconds .

========================================================================
Received Import Request.
  Time since last request: 55.332274 seconds.
  path: Assets/Materials/Foliage/Oak.mat
  artifactKey: Guid(7f25bb198a5ebd945b8d255654732bbc) Importer(815301076,1909f56bfc062723c751e8b465ee728b)
Start importing Assets/Materials/Foliage/Oak.mat using Guid(7f25bb198a5ebd945b8d255654732bbc) Importer(815301076,1909f56bfc062723c751e8b465ee728b)  -> (artifact id: 'cd11f2220de08ef7b9dca2ab10c9a573') in 0.012491 seconds
  Import took 0.016986 seconds .

========================================================================
Received Import Request.
  Time since last request: 0.000265 seconds.
  path: Assets/Materials/Foliage/OakTilted.mat
  artifactKey: Guid(27cc4752a55f0304289497296b6f96d6) Importer(815301076,1909f56bfc062723c751e8b465ee728b)
Start importing Assets/Materials/Foliage/OakTilted.mat using Guid(27cc4752a55f0304289497296b6f96d6) Importer(815301076,1909f56bfc062723c751e8b465ee728b)  -> (artifact id: '19e01b3f486f7a73a99f3faff0f46e5f') in 0.015180 seconds
  Import took 0.019278 seconds .

========================================================================
Received Prepare
Registering precompiled user dll's ...
Registered in 0.001252 seconds.
Begin MonoManager ReloadAssembly
Native extension for WindowsStandalone target not found
Native extension for WebGL target not found
Refreshing native plugins compatible for Editor in 0.47 ms, found 0 plugins.
Preloading 0 native plugins for Editor in 0.00 ms.
Invoked RoslynAnalysisRunner static constructor.
RoslynAnalysisRunner will not be running.
RoslynAnalysisRunner has terminated.
Mono: successfully reloaded assembly
- Completed reload, in  1.242 seconds
Platform modules already initialized, skipping
Shader 'Universal Render Pipeline/Particles/Lit': fallback shader 'Universal Render Pipeline/Particles/SimpleLit' not found
Refreshing native plugins compatible for Editor in 0.50 ms, found 0 plugins.
Preloading 0 native plugins for Editor in 0.00 ms.
Unloading 2453 Unused Serialized files (Serialized files now loaded: 0)
System memory in use before: 136.9 MB.
System memory in use after: 137.1 MB.

Unloading 5 unused Assets to reduce memory usage. Loaded Objects now: 3206.
Total: 2.238400 ms (FindLiveObjects: 0.268200 ms CreateObjectMapping: 0.120600 ms MarkObjects: 1.833900 ms  DeleteObjects: 0.014800 ms)

========================================================================
Received Import Request.
  Time since last request: 153.394099 seconds.
  path: Assets/Materials/Foliage/Foliage1URP.mat
  artifactKey: Guid(a5adc0c49f1605d4db5c7d85595283a4) Importer(815301076,1909f56bfc062723c751e8b465ee728b)
Start importing Assets/Materials/Foliage/Foliage1URP.mat using Guid(a5adc0c49f1605d4db5c7d85595283a4) Importer(815301076,1909f56bfc062723c751e8b465ee728b)  -> (artifact id: 'ba3a6eaffb98ec7ec431a3d7d43d3491') in 0.189819 seconds
  Import took 0.213042 seconds .

